11222333
11223233
11223323
11223332
11232233
11232323
11232332
11233223
11233232
11233322
11322233
11322323
11322332
11323223
11323232
11323322
11332223
11332232
11332322
11333222
12122333
12123233
12123323
12123332
12132233
12132323
12132332
12133223
12133232
12133322
12212333
12213233
12213323
12213332
12221333
12223133
12223313
12223331
12231233
12231323
12231332
12232133
12232313
12232331
12233123
12233132
12233213
12233231
12233312
12233321
12312233
12312323
12312332
12313223
12313232
12313322
12321233
12321323
12321332
12322133
12322313
12322331
12323123
12323132
12323213
12323231
12323312
12323321
12331223
12331232
12331322
12332123
12332132
12332213
12332231
12332312
12332321
12333122
12333212
12333221
13122233
13122323
13122332
13123223
13123232
13123322
13132223
13132232
13132322
13133222
13212233
13212323
13212332
13213223
13213232
13213322
13221233
13221323
13221332
13222133
13222313
13222331
13223123
13223132
13223213
13223231
13223312
13223321
13231223
13231232
13231322
13232123
13232132
13232213
13232231
13232312
13232321
13233122
13233212
13233221
13312223
13312232
13312322
13313222
13321223
13321232
13321322
13322123
13322132
13322213
13322231
13322312
13322321
13323122
13323212
13323221
13331222
13332122
13332212
13332221
21122333
21123233
21123323
21123332
21132233
21132323
21132332
21133223
21133232
21133322
21212333
21213233
21213323
21213332
21221333
21223133
21223313
21223331
21231233
21231323
21231332
21232133
21232313
21232331
21233123
21233132
21233213
21233231
21233312
21233321
21312233
21312323
21312332
21313223
21313232
21313322
21321233
21321323
21321332
21322133
21322313
21322331
21323123
21323132
21323213
21323231
21323312
21323321
21331223
21331232
21331322
21332123
21332132
21332213
21332231
21332312
21332321
21333122
21333212
21333221
22112333
22113233
22113323
22113332
22121333
22123133
22123313
22123331
22131233
22131323
22131332
22132133
22132313
22132331
22133123
22133132
22133213
22133231
22133312
22133321
22211333
22213133
22213313
22213331
22231133
22231313
22231331
22233113
22233131
22233311
22311233
22311323
22311332
22312133
22312313
22312331
22313123
22313132
22313213
22313231
22313312
22313321
22321133
22321313
22321331
22323113
22323131
22323311
22331123
22331132
22331213
22331231
22331312
22331321
22332113
22332131
22332311
22333112
22333121
22333211
23112233
23112323
23112332
23113223
23113232
23113322
23121233
23121323
23121332
23122133
23122313
23122331
23123123
23123132
23123213
23123231
23123312
23123321
23131223
23131232
23131322
23132123
23132132
23132213
23132231
23132312
23132321
23133122
23133212
23133221
23211233
23211323
23211332
23212133
23212313
23212331
23213123
23213132
23213213
23213231
23213312
23213321
23221133
23221313
23221331
23223113
23223131
23223311
23231123
23231132
23231213
23231231
23231312
23231321
23232113
23232131
23232311
23233112
23233121
23233211
23311223
23311232
23311322
23312123
23312132
23312213
23312231
23312312
23312321
23313122
23313212
23313221
23321123
23321132
23321213
23321231
23321312
23321321
23322113
23322131
23322311
23323112
23323121
23323211
23331122
23331212
23331221
23332112
23332121
23332211
31122233
31122323
31122332
31123223
31123232
31123322
31132223
31132232
31132322
31133222
31212233
31212323
31212332
31213223
31213232
31213322
31221233
31221323
31221332
31222133
31222313
31222331
31223123
31223132
31223213
31223231
31223312
31223321
31231223
31231232
31231322
31232123
31232132
31232213
31232231
31232312
31232321
31233122
31233212
31233221
31312223
31312232
31312322
31313222
31321223
31321232
31321322
31322123
31322132
31322213
31322231
31322312
31322321
31323122
31323212
31323221
31331222
31332122
31332212
31332221
32112233
32112323
32112332
32113223
32113232
32113322
32121233
32121323
32121332
32122133
32122313
32122331
32123123
32123132
32123213
32123231
32123312
32123321
32131223
32131232
32131322
32132123
32132132
32132213
32132231
32132312
32132321
32133122
32133212
32133221
32211233
32211323
32211332
32212133
32212313
32212331
32213123
32213132
32213213
32213231
32213312
32213321
32221133
32221313
32221331
32223113
32223131
32223311
32231123
32231132
32231213
32231231
32231312
32231321
32232113
32232131
32232311
32233112
32233121
32233211
32311223
32311232
32311322
32312123
32312132
32312213
32312231
32312312
32312321
32313122
32313212
32313221
32321123
32321132
32321213
32321231
32321312
32321321
32322113
32322131
32322311
32323112
32323121
32323211
32331122
32331212
32331221
32332112
32332121
32332211
33112223
33112232
33112322
33113222
33121223
33121232
33121322
33122123
33122132
33122213
33122231
33122312
33122321
33123122
33123212
33123221
33131222
33132122
33132212
33132221
33211223
33211232
33211322
33212123
33212132
33212213
33212231
33212312
33212321
33213122
33213212
33213221
33221123
33221132
33221213
33221231
33221312
33221321
33222113
33222131
33222311
33223112
33223121
33223211
33231122
33231212
33231221
33232112
33232121
33232211
33311222
33312122
33312212
33312221
33321122
33321212
33321221
33322112
33322121
33322211
