1 1 1 1 1 
30 0 0 0 0 
1 1 1 1 2 
20 10 0 0 0 
1 1 1 1 3 
20 0 10 0 0 
1 1 1 2 1 
21 9 0 0 0 
1 1 1 2 2 
11 19 0 0 0 
1 1 1 2 3 
11 9 10 0 0 
1 1 1 3 1 
21 0 9 0 0 
1 1 1 3 2 
11 10 9 0 0 
1 1 1 3 3 
11 0 19 0 0 
1 1 2 1 1 
24 6 0 0 0 
1 1 2 1 2 
14 16 0 0 0 
1 1 2 1 3 
14 6 10 0 0 
1 1 2 2 1 
15 15 0 0 0 
1 1 2 2 2 
5 25 0 0 0 
1 1 2 2 3 
5 15 10 0 0 
1 1 2 3 1 
15 6 9 0 0 
1 1 2 3 2 
5 16 9 0 0 
1 1 2 3 3 
5 6 19 0 0 
1 1 3 1 1 
24 0 6 0 0 
1 1 3 1 2 
14 10 6 0 0 
1 1 3 1 3 
14 0 16 0 0 
1 1 3 2 1 
15 9 6 0 0 
1 1 3 2 2 
5 19 6 0 0 
1 1 3 2 3 
5 9 16 0 0 
1 1 3 3 1 
15 0 15 0 0 
1 1 3 3 2 
5 10 15 0 0 
1 1 3 3 3 
5 0 25 0 0 
1 2 1 1 1 
26 4 0 0 0 
1 2 1 1 2 
16 14 0 0 0 
1 2 1 1 3 
16 4 10 0 0 
1 2 1 2 1 
17 13 0 0 0 
1 2 1 2 2 
7 23 0 0 0 
1 2 1 2 3 
7 13 10 0 0 
1 2 1 3 1 
17 4 9 0 0 
1 2 1 3 2 
7 14 9 0 0 
1 2 1 3 3 
7 4 19 0 0 
1 2 2 1 1 
20 10 0 0 0 
1 2 2 1 2 
10 20 0 0 0 
1 2 2 1 3 
10 10 10 0 0 
1 9 
4 6 
10 
